<?xml version="1.0" encoding="UTF-8"?>
<!-- Generated by org.testng.reporters.JUnitXMLReporter -->
<testsuite ignored="0" hostname="LAPTOP-O3J57D1G" failures="0" tests="6" name="Chrome" time="0.041" errors="0" timestamp="08 Sep 2022 06:17:59 GMT">
  <testcase classname="testPack.TestClassB" name="testA" time="0.008"/>
  <testcase classname="testPack.TestClassA" name="testA" time="0.009"/>
  <testcase classname="testPack.TestClassB" name="testB" time="0.001"/>
  <testcase classname="testPack.TestClassA" name="testB" time="0.002"/>
  <testcase classname="testPack.TestClassB" name="testC" time="0.001"/>
  <testcase classname="testPack.TestClassA" name="testC" time="0.002"/>
</testsuite> <!-- Chrome -->
