<?xml version="1.0" encoding="UTF-8"?>
<!-- Generated by org.testng.reporters.JUnitXMLReporter -->
<testsuite ignored="0" hostname="LAPTOP-O3J57D1G" failures="0" tests="6" name="Test" time="0.044" errors="0" timestamp="06 Sep 2022 07:06:36 GMT">
  <testcase classname="testPack.TestClassA" name="testA" time="0.005"/>
  <testcase classname="testPack.TestClassA" name="testB" time="0.001"/>
  <testcase classname="testPack.TestClassA" name="testC" time="0.001"/>
  <testcase classname="testPack.TestClassB" name="testA" time="0.001"/>
  <testcase classname="testPack.TestClassB" name="testB" time="0.001"/>
  <testcase classname="testPack.TestClassB" name="testC" time="0.001"/>
</testsuite> <!-- Test -->
